<?xml version="1.0" encoding="UTF-8"?>
<testng-results ignored="0" total="1" passed="1" failed="0" skipped="0">
  <reporter-output>
  </reporter-output>
  <suite started-at="2024-11-10T18:38:19 IST" name="Default suite" finished-at="2024-11-10T18:38:36 IST" duration-ms="16202">
    <groups>
    </groups>
    <test started-at="2024-11-10T18:38:19 IST" name="Default test" finished-at="2024-11-10T18:38:36 IST" duration-ms="16202">
      <class name="draganddroptestcases.dragdroptests">
        <test-method is-config="true" signature="setup()[pri:0, instance:draganddroptestcases.dragdroptests@272113c4]" started-at="2024-11-10T18:38:19 IST" name="setup" finished-at="2024-11-10T18:38:34 IST" duration-ms="14806" status="PASS">
          <reporter-output>
          </reporter-output>
        </test-method> <!-- setup -->
        <test-method signature="draganddrop()[pri:0, instance:draganddroptestcases.dragdroptests@272113c4]" started-at="2024-11-10T18:38:34 IST" name="draganddrop" finished-at="2024-11-10T18:38:36 IST" duration-ms="1231" status="PASS">
          <reporter-output>
          </reporter-output>
        </test-method> <!-- draganddrop -->
      </class> <!-- draganddroptestcases.dragdroptests -->
    </test> <!-- Default test -->
  </suite> <!-- Default suite -->
</testng-results>
